#
# There is insufficient memory for the Java Runtime Environment to continue.
# Native memory allocation (mmap) failed to map 5591040 bytes for card table expansion
# Possible reasons:
#   The system is out of physical RAM or swap space
#   In 32 bit mode, the process size limit was hit
# Possible solutions:
#   Reduce memory load on the system
#   Increase physical memory or swap space
#   Check if swap backing store is full
#   Use 64 bit Java on a 64 bit OS
#   Decrease Java heap size (-Xmx/-Xms)
#   Decrease number of Java threads
#   Decrease Java thread stack sizes (-Xss)
#   Set larger code cache with -XX:ReservedCodeCacheSize=
# This output file may be truncated or incomplete.
#
#  Out of Memory Error (os_windows.cpp:3324), pid=5236, tid=1912
#
# JRE version:  (8.0_45-b15) (build )
# Java VM: Java HotSpot(TM) 64-Bit Server VM (25.45-b02 mixed mode windows-amd64 compressed oops)
# Failed to write core dump. Minidumps are not enabled by default on client versions of Windows
#

---------------  T H R E A D  ---------------

Current thread (0x0000000001f2e000):  JavaThread "Unknown thread" [_thread_in_vm, id=1912, stack(0x0000000002270000,0x0000000002370000)]

Stack: [0x0000000002270000,0x0000000002370000]
Native frames: (J=compiled Java code, j=interpreted, Vv=VM code, C=native code)
V  [jvm.dll+0x32b57a]
V  [jvm.dll+0x279873]
V  [jvm.dll+0x27a509]
V  [jvm.dll+0x271825]
V  [jvm.dll+0x296989]
V  [jvm.dll+0x21ae62]
V  [jvm.dll+0xd1434]
V  [jvm.dll+0x3e8d3a]
V  [jvm.dll+0x3f2806]
V  [jvm.dll+0x3f2e88]
V  [jvm.dll+0x3e6fc9]
V  [jvm.dll+0x3eb378]
V  [jvm.dll+0xf1207]
V  [jvm.dll+0xf1b64]
V  [jvm.dll+0x20f057]
V  [jvm.dll+0x240e0a]
V  [jvm.dll+0x15ba41]
C  [javaw.exe+0x217e]
C  [javaw.exe+0xcd17]
C  [javaw.exe+0xcdab]
C  [kernel32.dll+0x159cd]
C  [ntdll.dll+0x2a2e1]


---------------  P R O C E S S  ---------------

Java Threads: ( => current thread )

Other Threads:

=>0x0000000001f2e000 (exited) JavaThread "Unknown thread" [_thread_in_vm, id=1912, stack(0x0000000002270000,0x0000000002370000)]

VM state:not at safepoint (not fully initialized)

VM Mutex/Monitor currently owned by a thread: None

GC Heap History (0 events):
No events

Deoptimization events (0 events):
No events

Internal exceptions (0 events):
No events

Events (0 events):
No events


Dynamic libraries:
0x000000013f0a0000 - 0x000000013f0d7000 	C:\Program Files\Java\jre1.8.0_45\bin\javaw.exe
0x0000000076ee0000 - 0x000000007708a000 	C:\Windows\SYSTEM32\ntdll.dll
0x0000000076dc0000 - 0x0000000076edf000 	C:\Windows\system32\kernel32.dll
0x000007fefcc90000 - 0x000007fefccfa000 	C:\Windows\system32\KERNELBASE.dll
0x000007fefd860000 - 0x000007fefd93b000 	C:\Windows\system32\ADVAPI32.dll
0x000007fefed90000 - 0x000007fefee2f000 	C:\Windows\system32\msvcrt.dll
0x000007fefd480000 - 0x000007fefd49f000 	C:\Windows\SYSTEM32\sechost.dll
0x000007fefd0b0000 - 0x000007fefd1dd000 	C:\Windows\system32\RPCRT4.dll
0x0000000076cc0000 - 0x0000000076dba000 	C:\Windows\system32\USER32.dll
0x000007fefd770000 - 0x000007fefd7d7000 	C:\Windows\system32\GDI32.dll
0x000007fefee30000 - 0x000007fefee3e000 	C:\Windows\system32\LPK.dll
0x000007fefeef0000 - 0x000007fefefba000 	C:\Windows\system32\USP10.dll
0x000007fefb470000 - 0x000007fefb664000 	C:\Windows\WinSxS\amd64_microsoft.windows.common-controls_6595b64144ccf1df_6.0.7601.18837_none_fa3b1e3d17594757\COMCTL32.dll
0x000007fefd7e0000 - 0x000007fefd851000 	C:\Windows\system32\SHLWAPI.dll
0x000007fefee40000 - 0x000007fefee6e000 	C:\Windows\system32\IMM32.DLL
0x000007fefd370000 - 0x000007fefd479000 	C:\Windows\system32\MSCTF.dll
0x0000000052070000 - 0x0000000052142000 	C:\Program Files\Java\jre1.8.0_45\bin\msvcr100.dll
0x000000006f8a0000 - 0x0000000070123000 	C:\Program Files\Java\jre1.8.0_45\bin\server\jvm.dll
0x000007fef78f0000 - 0x000007fef78f9000 	C:\Windows\system32\WSOCK32.dll
0x000007fefefc0000 - 0x000007feff00d000 	C:\Windows\system32\WS2_32.dll
0x000007fefe830000 - 0x000007fefe838000 	C:\Windows\system32\NSI.dll
0x000007fef98a0000 - 0x000007fef98db000 	C:\Windows\system32\WINMM.dll
0x000007fefbb00000 - 0x000007fefbb0c000 	C:\Windows\system32\VERSION.dll
0x00000000770b0000 - 0x00000000770b7000 	C:\Windows\system32\PSAPI.DLL
0x0000000066880000 - 0x000000006688f000 	C:\Program Files\Java\jre1.8.0_45\bin\verify.dll
0x000000005b140000 - 0x000000005b169000 	C:\Program Files\Java\jre1.8.0_45\bin\java.dll
0x000000005b620000 - 0x000000005b636000 	C:\Program Files\Java\jre1.8.0_45\bin\zip.dll
0x000007fefa040000 - 0x000007fefa165000 	C:\Windows\system32\dbghelp.dll

VM Arguments:
jvm_args: -Xms4g -Xmx4g -Dfile.encoding=Cp1252 
java_command: com.pechmod.gui.Test
java_class_path (initial): C:\Users\USER\Documents\Downloads\Desktop\Distributor\Test\Distributor Test\bin
Launcher Type: SUN_STANDARD

Environment Variables:
PATH=C:/Program Files/Java/jdk1.8.0_45/bin/../jre/bin/server;C:/Program Files/Java/jdk1.8.0_45/bin/../jre/bin;C:/Program Files/Java/jdk1.8.0_45/bin/../jre/lib/amd64;C:\Program Files\Java\jdk1.8.0_45;C:\Program Files (x86)\Android\android-sdk\tools;C:\Windows\system32;C:\Windows;C:\Program Files\Java\jdk1.8.0_45\bin;C:\Users\USER\Documents\programming items\Programming Apps\java\Eclipse luna\eclipse;
USERNAME=Administrator
OS=Windows_NT
PROCESSOR_IDENTIFIER=Intel64 Family 6 Model 42 Stepping 7, GenuineIntel



---------------  S Y S T E M  ---------------

OS: Windows 7 , 64 bit Build 7601 (6.1.7601.23539)

CPU:total 2 (2 cores per cpu, 1 threads per core) family 6 model 42 stepping 7, cmov, cx8, fxsr, mmx, sse, sse2, sse3, ssse3, sse4.1, sse4.2, popcnt, clmul, tsc, tscinvbit

Memory: 4k page, physical 4042608k(1930448k free), swap 13104396k(1700732k free)

vm_info: Java HotSpot(TM) 64-Bit Server VM (25.45-b02) for windows-amd64 JRE (1.8.0_45-b15), built on Apr 30 2015 12:40:44 by "java_re" with MS VC++ 10.0 (VS2010)

time: Wed Nov 02 21:58:36 2016
elapsed time: 0 seconds (0d 0h 0m 0s)

